C51 COMPILER V9.60.0.0   PWM                                                               08/15/2021 16:52:19 PAGE 1   


C51 COMPILER V9.60.0.0, COMPILATION OF MODULE PWM
OBJECT MODULE PLACED IN .\Objects\pwm.obj
COMPILER INVOKED BY: C:\Keil_v5\C51\BIN\C51.EXE pwm.c OPTIMIZE(8,SPEED) BROWSE DEBUG OBJECTEXTEND PRINT(.\Listings\pwm.l
                    -st) TABS(2) OBJECT(.\Objects\pwm.obj)

line level    source

   1          #include <REGX51.H>
   2          #include<stdio.h>
   3          #include<string.h>
   4          #include "pwm.h"
   5          
   6          extern unsigned char duty_cycle;
   7          
   8          void detect_menu_button_press() {
   9   1        if (BTN_INC == PRESSED) {
  10   2      
  11   2          duty_cycle++;
  12   2          if (duty_cycle > MAX_DUTY_CYCLE)
  13   2            duty_cycle = MAX_DUTY_CYCLE;
  14   2          while(BTN_INC == PRESSED);    //Debounce
  15   2      
  16   2        }
  17   1        if (BTN_DEC == PRESSED) {
  18   2          duty_cycle--;
  19   2          if (duty_cycle < MIN_DUTY_CYCLE)
  20   2            duty_cycle = MIN_DUTY_CYCLE;
  21   2          while(BTN_DEC == PRESSED);    //Debounce
  22   2        }
  23   1      }
  24          


MODULE INFORMATION:   STATIC OVERLAYABLE
   CODE SIZE        =     45    ----
   CONSTANT SIZE    =   ----    ----
   XDATA SIZE       =   ----    ----
   PDATA SIZE       =   ----    ----
   DATA SIZE        =   ----    ----
   IDATA SIZE       =   ----    ----
   BIT SIZE         =   ----    ----
END OF MODULE INFORMATION.


C51 COMPILATION COMPLETE.  0 WARNING(S),  0 ERROR(S)
